/usr/sbin/tcpdump
/lib64/ld-linux-x86-64.so.2
/etc/ld.so.nohwcap
/etc/ld.so.preload
/etc/ld.so.cache
/etc/ld.so.nohwcap
/usr/lib/x86_64-linux-gnu/libcrypto.so.1.0.2
/etc/ld.so.nohwcap
/usr/lib/x86_64-linux-gnu/libpcap.so.0.8
/etc/ld.so.nohwcap
/lib/x86_64-linux-gnu/libc.so.6
/etc/ld.so.nohwcap
/lib/x86_64-linux-gnu/libdl.so.2
/etc/localtime
/etc/localtime
/etc/nsswitch.conf
/etc/ld.so.cache
/etc/ld.so.nohwcap
/lib/x86_64-linux-gnu/tls/x86_64/libnss_db.so.2
/lib/x86_64-linux-gnu/tls/x86_64
/lib/x86_64-linux-gnu/tls/libnss_db.so.2
/lib/x86_64-linux-gnu/tls
/lib/x86_64-linux-gnu/x86_64/libnss_db.so.2
/lib/x86_64-linux-gnu/x86_64
/lib/x86_64-linux-gnu/libnss_db.so.2
/lib/x86_64-linux-gnu
/usr/lib/x86_64-linux-gnu/tls/x86_64/libnss_db.so.2
/usr/lib/x86_64-linux-gnu/tls/x86_64
/usr/lib/x86_64-linux-gnu/tls/libnss_db.so.2
/usr/lib/x86_64-linux-gnu/tls
/usr/lib/x86_64-linux-gnu/x86_64/libnss_db.so.2
/usr/lib/x86_64-linux-gnu/x86_64
/usr/lib/x86_64-linux-gnu/libnss_db.so.2
/usr/lib/x86_64-linux-gnu
/lib/tls/x86_64/libnss_db.so.2
/lib/tls/x86_64
/lib/tls/libnss_db.so.2
/lib/tls
/lib/x86_64/libnss_db.so.2
/lib/x86_64
/lib/libnss_db.so.2
/lib
/usr/lib/tls/x86_64/libnss_db.so.2
/usr/lib/tls/x86_64
/usr/lib/tls/libnss_db.so.2
/usr/lib/tls
/usr/lib/x86_64/libnss_db.so.2
/usr/lib/x86_64
/usr/lib/libnss_db.so.2
/usr/lib
/etc/ld.so.cache
/etc/ld.so.nohwcap
/lib/x86_64-linux-gnu/libnss_files.so.2
/etc/ethers
/etc/services
/etc/host.conf
/etc/hosts
/etc/ld.so.cache
/etc/ld.so.nohwcap
/lib/x86_64-linux-gnu/libnss_mdns4_minimal.so.2
/etc/ld.so.cache
/etc/ld.so.nohwcap
/lib/x86_64-linux-gnu/libnss_dns.so.2
/etc/ld.so.nohwcap
/lib/x86_64-linux-gnu/libresolv.so.2
/etc/hosts
/etc/ld.so.cache
/etc/ld.so.nohwcap
/lib/x86_64-linux-gnu/libnss_myhostname.so.2
/etc/ld.so.nohwcap
/lib/x86_64-linux-gnu/librt.so.1
/etc/ld.so.nohwcap
/lib/x86_64-linux-gnu/libpthread.so.0
/etc/hosts
/etc/hosts
/etc/hosts
